<?xml version="1.0" encoding="UTF-8"?>
<!-- Generated by org.testng.reporters.JUnitXMLReporter -->
<testsuite ignored="0" hostname="sdd" failures="0" tests="4" name="Default test" time="3.498" errors="0" timestamp="2025-11-29T19:58:01 CST">
  <testcase classname="com.test.restassuredapi.HTTPRequests" name="testGet_1" time="1.995"/>
  <testcase classname="com.test.restassuredapi.HTTPRequests" name="getUsers_1" time="1.164"/>
  <testcase classname="com.test.restassuredapi.HTTPRequests" name="getUsers_2" time="0.138"/>
  <testcase classname="com.test.restassuredapi.HTTPRequests" name="getUsers_3" time="0.158"/>
</testsuite> <!-- Default test -->
