<?xml version="1.0" encoding="UTF-8"?>
<testsuite xmlns:xsi="http://www.w3.org/2001/XMLSchema-instance" xsi:schemaLocation="https://maven.apache.org/surefire/maven-surefire-plugin/xsd/surefire-test-report.xsd" name="TestSuite" time="8.923" tests="5" errors="0" skipped="0" failures="0">
  <properties>
[...]
</properties>
  <testcase name="verifyTitle" classname="com.test.google.GoogleTest2" time="3.052"/>
  <testcase name="testGet_1" classname="com.test.restassuredapi.HTTPRequests" time="1.281"/>
  <testcase name="getUsers_1" classname="com.test.restassuredapi.HTTPRequests" time="0.863"/>
  <testcase name="getUsers_2" classname="com.test.restassuredapi.HTTPRequests" time="0.142"/>
  <testcase name="getUsers_3" classname="com.test.restassuredapi.HTTPRequests" time="0.181"/>
</testsuite>