<?xml version="1.0" encoding="UTF-8"?>
<testng-results ignored="0" total="1" passed="1" failed="0" skipped="0">
  <reporter-output>
  </reporter-output>
  <suite started-at="2025-11-29T01:49:40 CST" name="Suite" finished-at="2025-11-29T01:49:48 CST" duration-ms="8001">
    <groups>
    </groups>
    <test started-at="2025-11-29T01:49:40 CST" name="Test3" finished-at="2025-11-29T01:49:48 CST" duration-ms="8001">
      <class name="com.test.google.GoogleTest2">
        <test-method is-config="true" signature="setup()[pri:0, instance:com.test.google.GoogleTest2@55f616cf]" started-at="2025-11-29T01:49:40 CST" name="setup" finished-at="2025-11-29T01:49:43 CST" duration-ms="2970" status="PASS">
          <reporter-output>
          </reporter-output>
        </test-method> <!-- setup -->
        <test-method signature="verifyTitle()[pri:0, instance:com.test.google.GoogleTest2@55f616cf]" started-at="2025-11-29T01:49:43 CST" name="verifyTitle" finished-at="2025-11-29T01:49:46 CST" duration-ms="3058" status="PASS">
          <reporter-output>
          </reporter-output>
        </test-method> <!-- verifyTitle -->
        <test-method is-config="true" signature="teardown()[pri:0, instance:com.test.google.GoogleTest2@55f616cf]" started-at="2025-11-29T01:49:46 CST" name="teardown" finished-at="2025-11-29T01:49:48 CST" duration-ms="1913" status="PASS">
          <reporter-output>
          </reporter-output>
        </test-method> <!-- teardown -->
      </class> <!-- com.test.google.GoogleTest2 -->
    </test> <!-- Test3 -->
  </suite> <!-- Suite -->
</testng-results>
