<?xml version="1.0" encoding="UTF-8"?>
<testng-results ignored="0" total="5" passed="5" failed="0" skipped="0">
  <reporter-output>
  </reporter-output>
  <suite started-at="2025-11-29T19:58:10 CST" name="Suite" finished-at="2025-11-29T19:58:22 CST" duration-ms="11474">
    <groups>
    </groups>
    <test started-at="2025-11-29T19:58:10 CST" name="Test3" finished-at="2025-11-29T19:58:19 CST" duration-ms="8686">
      <class name="com.test.google.GoogleTest2">
        <test-method is-config="true" signature="setup()[pri:0, instance:com.test.google.GoogleTest2@942a29c]" started-at="2025-11-29T19:58:10 CST" name="setup" finished-at="2025-11-29T19:58:13 CST" duration-ms="3105" status="PASS">
          <reporter-output>
          </reporter-output>
        </test-method> <!-- setup -->
        <test-method signature="verifyTitle()[pri:0, instance:com.test.google.GoogleTest2@942a29c]" started-at="2025-11-29T19:58:13 CST" name="verifyTitle" finished-at="2025-11-29T19:58:16 CST" duration-ms="3092" status="PASS">
          <reporter-output>
          </reporter-output>
        </test-method> <!-- verifyTitle -->
        <test-method is-config="true" signature="teardown()[pri:0, instance:com.test.google.GoogleTest2@942a29c]" started-at="2025-11-29T19:58:16 CST" name="teardown" finished-at="2025-11-29T19:58:19 CST" duration-ms="2448" status="PASS">
          <reporter-output>
          </reporter-output>
        </test-method> <!-- teardown -->
      </class> <!-- com.test.google.GoogleTest2 -->
    </test> <!-- Test3 -->
    <test started-at="2025-11-29T19:58:19 CST" name="Test4" finished-at="2025-11-29T19:58:22 CST" duration-ms="2749">
      <class name="com.test.restassuredapi.HTTPRequests">
        <test-method signature="testGet_1()[pri:1, instance:com.test.restassuredapi.HTTPRequests@350aac89]" started-at="2025-11-29T19:58:19 CST" name="testGet_1" finished-at="2025-11-29T19:58:20 CST" duration-ms="1479" status="PASS">
          <reporter-output>
          </reporter-output>
        </test-method> <!-- testGet_1 -->
        <test-method signature="getUsers_1()[pri:2, instance:com.test.restassuredapi.HTTPRequests@350aac89]" started-at="2025-11-29T19:58:20 CST" name="getUsers_1" finished-at="2025-11-29T19:58:21 CST" duration-ms="962" status="PASS">
          <reporter-output>
          </reporter-output>
        </test-method> <!-- getUsers_1 -->
        <test-method signature="getUsers_2()[pri:3, instance:com.test.restassuredapi.HTTPRequests@350aac89]" started-at="2025-11-29T19:58:21 CST" name="getUsers_2" finished-at="2025-11-29T19:58:22 CST" duration-ms="167" status="PASS">
          <reporter-output>
          </reporter-output>
        </test-method> <!-- getUsers_2 -->
        <test-method signature="getUsers_3()[pri:4, instance:com.test.restassuredapi.HTTPRequests@350aac89]" started-at="2025-11-29T19:58:22 CST" name="getUsers_3" finished-at="2025-11-29T19:58:22 CST" duration-ms="133" status="PASS">
          <reporter-output>
          </reporter-output>
        </test-method> <!-- getUsers_3 -->
      </class> <!-- com.test.restassuredapi.HTTPRequests -->
    </test> <!-- Test4 -->
  </suite> <!-- Suite -->
</testng-results>
