<?xml version="1.0" encoding="UTF-8"?>
<testng-results ignored="0" total="4" passed="4" failed="0" skipped="0">
  <reporter-output>
  </reporter-output>
  <suite started-at="2025-12-02T03:43:57 CST" name="Suite" finished-at="2025-12-02T03:44:05 CST" duration-ms="7801">
    <groups>
    </groups>
    <test started-at="2025-12-02T03:43:57 CST" name="Test3" finished-at="2025-12-02T03:44:03 CST" duration-ms="5670">
      <class name="com.test.google.GoogleTest2">
        <test-method is-config="true" signature="setup()[pri:0, instance:com.test.google.GoogleTest2@70e9c95d]" started-at="2025-12-02T03:43:57 CST" name="setup" finished-at="2025-12-02T03:44:00 CST" duration-ms="2423" status="PASS">
          <reporter-output>
          </reporter-output>
        </test-method> <!-- setup -->
        <test-method signature="verifyTitle()[pri:0, instance:com.test.google.GoogleTest2@70e9c95d]" started-at="2025-12-02T03:44:00 CST" name="verifyTitle" finished-at="2025-12-02T03:44:03 CST" duration-ms="3064" status="PASS">
          <reporter-output>
          </reporter-output>
        </test-method> <!-- verifyTitle -->
        <test-method is-config="true" signature="teardown()[pri:0, instance:com.test.google.GoogleTest2@70e9c95d]" started-at="2025-12-02T03:44:03 CST" name="teardown" finished-at="2025-12-02T03:44:03 CST" duration-ms="157" status="PASS">
          <reporter-output>
          </reporter-output>
        </test-method> <!-- teardown -->
      </class> <!-- com.test.google.GoogleTest2 -->
    </test> <!-- Test3 -->
    <test started-at="2025-12-02T03:44:03 CST" name="Rest Assured GET Api" finished-at="2025-12-02T03:44:05 CST" duration-ms="1560">
      <class name="com.test.restassuredapi.RestAssuredGETApi">
        <test-method is-config="true" signature="setup(org.testng.ITestContext)[pri:0, instance:com.test.restassuredapi.RestAssuredGETApi@18271936]" started-at="2025-12-02T03:44:03 CST" name="setup" finished-at="2025-12-02T03:44:03 CST" duration-ms="5" status="PASS">
          <params>
            <param index="0">
              <value>
                <![CDATA[org.testng.TestRunner@10e56da9]]>
              </value>
            </param>
          </params>
          <reporter-output>
          </reporter-output>
        </test-method> <!-- setup -->
      </class> <!-- com.test.restassuredapi.RestAssuredGETApi -->
      <class name="com.test.restassuredapi.RestAssuredGETApi$HTTPRequests">
        <test-method signature="getUsers()[pri:0, instance:com.test.restassuredapi.RestAssuredGETApi$HTTPRequests@606e4010]" started-at="2025-12-02T03:44:03 CST" name="getUsers" finished-at="2025-12-02T03:44:05 CST" duration-ms="1553" status="PASS">
          <reporter-output>
          </reporter-output>
        </test-method> <!-- getUsers -->
      </class> <!-- com.test.restassuredapi.RestAssuredGETApi$HTTPRequests -->
    </test> <!-- Rest Assured GET Api -->
    <test started-at="2025-12-02T03:44:05 CST" name="Rest Assured POST Api" finished-at="2025-12-02T03:44:05 CST" duration-ms="317">
      <class name="com.test.restassuredapi.RestAssuredPOSTApi">
        <test-method is-config="true" signature="setup(org.testng.ITestContext)[pri:0, instance:com.test.restassuredapi.RestAssuredPOSTApi@7a35b0f5]" started-at="2025-12-02T03:44:05 CST" name="setup" finished-at="2025-12-02T03:44:05 CST" duration-ms="1" status="PASS">
          <params>
            <param index="0">
              <value>
                <![CDATA[org.testng.TestRunner@28cb86b2]]>
              </value>
            </param>
          </params>
          <reporter-output>
          </reporter-output>
        </test-method> <!-- setup -->
        <test-method signature="addProduct()[pri:0, instance:com.test.restassuredapi.RestAssuredPOSTApi@7a35b0f5]" started-at="2025-12-02T03:44:05 CST" name="addProduct" finished-at="2025-12-02T03:44:05 CST" duration-ms="313" status="PASS">
          <reporter-output>
          </reporter-output>
        </test-method> <!-- addProduct -->
        <test-method is-config="true" signature="checkStatus(java.lang.reflect.Method,org.testng.ITestResult)[pri:0, instance:com.test.restassuredapi.RestAssuredPOSTApi@7a35b0f5]" started-at="2025-12-02T03:44:05 CST" name="checkStatus" finished-at="2025-12-02T03:44:05 CST" duration-ms="0" status="PASS">
          <params>
            <param index="0">
              <value>
                <![CDATA[public void com.test.restassuredapi.RestAssuredPOSTApi.addProduct()]]>
              </value>
            </param>
            <param index="1">
              <value>
                <![CDATA[[TestResult name=addProduct status=SUCCESS method=RestAssuredPOSTApi.addProduct()[pri:0, instance:com.test.restassuredapi.RestAssuredPOSTApi@7a35b0f5] output={null}]]]>
              </value>
            </param>
          </params>
          <reporter-output>
          </reporter-output>
        </test-method> <!-- checkStatus -->
      </class> <!-- com.test.restassuredapi.RestAssuredPOSTApi -->
    </test> <!-- Rest Assured POST Api -->
    <test started-at="2025-12-02T03:44:05 CST" name="Rest Assured PUT Api" finished-at="2025-12-02T03:44:05 CST" duration-ms="224">
      <class name="com.test.restassuredapi.RestAssuredPUTApi">
        <test-method is-config="true" signature="initialiseExtentReports()[pri:0, instance:com.test.restassuredapi.RestAssuredPUTApi@6caf0677]" started-at="2025-12-02T03:43:57 CST" name="initialiseExtentReports" finished-at="2025-12-02T03:43:57 CST" duration-ms="213" status="PASS">
          <reporter-output>
          </reporter-output>
        </test-method> <!-- initialiseExtentReports -->
        <test-method is-config="true" signature="setup(org.testng.ITestContext)[pri:0, instance:com.test.restassuredapi.RestAssuredPUTApi@6caf0677]" started-at="2025-12-02T03:44:05 CST" name="setup" finished-at="2025-12-02T03:44:05 CST" duration-ms="1" status="PASS">
          <params>
            <param index="0">
              <value>
                <![CDATA[org.testng.TestRunner@22ae905f]]>
              </value>
            </param>
          </params>
          <reporter-output>
          </reporter-output>
        </test-method> <!-- setup -->
        <test-method signature="updateProduct()[pri:0, instance:com.test.restassuredapi.RestAssuredPUTApi@6caf0677]" started-at="2025-12-02T03:44:05 CST" name="updateProduct" finished-at="2025-12-02T03:44:05 CST" duration-ms="222" status="PASS">
          <reporter-output>
          </reporter-output>
        </test-method> <!-- updateProduct -->
        <test-method is-config="true" signature="checkStatus(java.lang.reflect.Method,org.testng.ITestResult)[pri:0, instance:com.test.restassuredapi.RestAssuredPUTApi@6caf0677]" started-at="2025-12-02T03:44:05 CST" name="checkStatus" finished-at="2025-12-02T03:44:05 CST" duration-ms="1" status="PASS">
          <params>
            <param index="0">
              <value>
                <![CDATA[public void com.test.restassuredapi.RestAssuredPUTApi.updateProduct()]]>
              </value>
            </param>
            <param index="1">
              <value>
                <![CDATA[[TestResult name=updateProduct status=SUCCESS method=RestAssuredPUTApi.updateProduct()[pri:0, instance:com.test.restassuredapi.RestAssuredPUTApi@6caf0677] output={null}]]]>
              </value>
            </param>
          </params>
          <reporter-output>
          </reporter-output>
        </test-method> <!-- checkStatus -->
        <test-method is-config="true" signature="generateExtentReports()[pri:0, instance:com.test.restassuredapi.RestAssuredPUTApi@6caf0677]" started-at="2025-12-02T03:44:05 CST" name="generateExtentReports" finished-at="2025-12-02T03:44:06 CST" duration-ms="268" status="PASS">
          <reporter-output>
          </reporter-output>
        </test-method> <!-- generateExtentReports -->
      </class> <!-- com.test.restassuredapi.RestAssuredPUTApi -->
    </test> <!-- Rest Assured PUT Api -->
  </suite> <!-- Suite -->
</testng-results>
