<?xml version="1.0" encoding="UTF-8"?>
<!-- Generated by org.testng.reporters.JUnitXMLReporter -->
<testsuite ignored="0" hostname="sdd" failures="0" tests="4" name="Test4" time="2.749" errors="0" timestamp="2025-11-29T19:58:22 CST">
  <testcase classname="com.test.restassuredapi.HTTPRequests" name="testGet_1" time="1.479"/>
  <testcase classname="com.test.restassuredapi.HTTPRequests" name="getUsers_1" time="0.962"/>
  <testcase classname="com.test.restassuredapi.HTTPRequests" name="getUsers_2" time="0.167"/>
  <testcase classname="com.test.restassuredapi.HTTPRequests" name="getUsers_3" time="0.133"/>
</testsuite> <!-- Test4 -->
