<?xml version="1.0" encoding="UTF-8"?>
<!-- Generated by org.testng.reporters.JUnitXMLReporter -->
<testsuite ignored="0" hostname="sdd" failures="0" tests="4" name="Test4" time="2.472" errors="0" timestamp="2025-11-29T19:59:10 CST">
  <testcase classname="com.test.restassuredapi.HTTPRequests" name="testGet_1" time="1.28"/>
  <testcase classname="com.test.restassuredapi.HTTPRequests" name="getUsers_1" time="0.862"/>
  <testcase classname="com.test.restassuredapi.HTTPRequests" name="getUsers_2" time="0.142"/>
  <testcase classname="com.test.restassuredapi.HTTPRequests" name="getUsers_3" time="0.183"/>
</testsuite> <!-- Test4 -->
